Arguments: 
  C:\Program Files\nodejs\node.exe C:\Program Files (x86)\Yarn\bin\yarn.js add -D vuepress

PATH: 
  C:\Windows\system32;C:\Windows;C:\Windows\System32\Wbem;C:\Windows\System32\WindowsPowerShell\v1.0\;C:\Windows\System32\OpenSSH\;C:\Program Files\nodejs\;C:\Program Files\nodejs\node_global;C:\Program Files (x86)\Yarn\bin\;C:\Program Files\Git\cmd;C:\Users\18315\AppData\Local\Microsoft\WindowsApps;D:\webAPP\VSCode\Microsoft VS Code\bin;C:\Users\18315\AppData\Roaming\npm;C:\Program Files\nodejs\node_global;C:\Users\18315\AppData\Local\Yarn\bin

Yarn version: 
  1.22.5

Node version: 
  12.19.0

Platform: 
  win32 x64

Trace: 
  Error: getaddrinfo ENOENT raw.githubusercontent.com
      at GetAddrInfoReqWrap.onlookup [as oncomplete] (dns.js:66:26)

npm manifest: 
  {
    "name": "vuepressblog",
    "version": "1.0.0",
    "author": "zhaoshier",
    "scripts": {
      "dev": "vuepress dev . --open --host \"localhost\"",
      "build": "vuepress build .",
      "deploy": "bash deploy.sh"
    },
    "devDependencies": {
      "@vuepress-reco/vuepress-plugin-bgm-player": "^1.1.3",
      "@vuepress-reco/vuepress-plugin-bulletin-popover": "^1.5.7",
      "@vuepress-reco/vuepress-plugin-kan-ban-niang": "^1.0.5",
      "@vuepress/plugin-active-header-links": "^1.7.0",
      "@vuepress/plugin-back-to-top": "^1.0.0-rc.1",
      "@vuepress/plugin-pwa": "^1.7.0",
      "vuepress": "^1.7.0",
      "vuepress-plugin-autobar": "github:boboidream/vuepress-bar",
      "vuepress-plugin-dynamic-title": "^1.0.0",
      "vuepress-plugin-meting": "^0.1.1",
      "vuepress-plugin-nuggets-style-copy": "^1.0.3",
      "vuepress-theme-reco": "^1.5.7"
    },
    "dependencies": {
      "start": "^5.1.0",
      "vue-class-component": "^7.2.3",
      "vuepress-plugin-cursor-effects": "^1.0.0"
    },
    "description": "blog"
  }

yarn manifest: 
  No manifest

Lockfile: 
  No lockfile
